<?xml version="1.0" encoding="utf-8" standalone="no"?>
<!--This file represents the results of running a test suite-->
<test-results name="C:\Users\unouser\Documents\GitHub\capstone\webapp\OST_Admin\HOST_Tests\bin\Debug\HOST_Tests.dll" total="0" errors="0" failures="0" not-run="0" inconclusive="0" ignored="0" skipped="0" invalid="0" date="2013-04-13" time="00:18:17">
  <environment nunit-version="2.6.2.12296" clr-version="2.0.50727.5466" os-version="Microsoft Windows NT 6.1.7601 Service Pack 1" platform="Win32NT" cwd="C:\Windows\system32" machine-name="WIN-3124RGJKI5J" user="unouser" user-domain="WIN-3124RGJKI5J" />
  <culture-info current-culture="en-US" current-uiculture="en-US" />
  <test-suite type="Assembly" name="C:\Users\unouser\Documents\GitHub\capstone\webapp\OST_Admin\HOST_Tests\bin\Debug\HOST_Tests.dll" executed="True" result="Inconclusive" success="False" time="0.091" asserts="0" />
</test-results>