<?xml version="1.0" encoding="utf-8" standalone="no"?>
<!--This file represents the results of running a test suite-->
<test-results name="C:\Users\unouser\Documents\GitHub\capstone\webapp\OST_Admin\OSTTests\bin\Debug\OSTTests.dll" total="1" errors="0" failures="1" not-run="0" inconclusive="0" ignored="0" skipped="0" invalid="0" date="2013-01-26" time="11:26:10">
  <environment nunit-version="2.6.2.12296" clr-version="2.0.50727.4984" os-version="Microsoft Windows NT 6.1.7600.0" platform="Win32NT" cwd="C:\Program Files (x86)\NUnit 2.6.2\bin" machine-name="WIN-3124RGJKI5J" user="unouser" user-domain="WIN-3124RGJKI5J" />
  <culture-info current-culture="en-US" current-uiculture="en-US" />
  <test-suite type="Assembly" name="C:\Users\unouser\Documents\GitHub\capstone\webapp\OST_Admin\OSTTests\bin\Debug\OSTTests.dll" executed="True" result="Failure" success="False" time="0.414" asserts="0">
    <results>
      <test-suite type="Namespace" name="OSTTests" executed="True" result="Failure" success="False" time="0.390" asserts="0">
        <results>
          <test-suite type="Namespace" name="Tests" executed="True" result="Failure" success="False" time="0.390" asserts="0">
            <results>
              <test-suite type="Namespace" name="Controllers" executed="True" result="Failure" success="False" time="0.390" asserts="0">
                <results>
                  <test-suite type="TestFixture" name="test1" executed="True" result="Failure" success="False" time="0.387" asserts="0">
                    <results>
                      <test-case name="OSTTests.Tests.Controllers.test1.add_two_numbers" executed="True" result="Failure" success="False" time="0.360" asserts="1">
                        <failure>
                          <message><![CDATA[  Expected: 11
  But was:  12
]]></message>
                          <stack-trace><![CDATA[at OSTTests.Tests.Controllers.test1.add_two_numbers() in C:\Users\unouser\Documents\GitHub\capstone\webapp\OST_Admin\OSTTests\Tests\Controllers\test1.cs:line 20
]]></stack-trace>
                        </failure>
                      </test-case>
                    </results>
                  </test-suite>
                </results>
              </test-suite>
            </results>
          </test-suite>
        </results>
      </test-suite>
    </results>
  </test-suite>
</test-results>